0.59279446
-1.3539873
-0.97577272
-0.41072523
0.023807352
-1.669002
-1.1496269
-0.93813288
-0.99886945
-0.92493834
0.58708153
-0.060100679
1.4828232
-0.34224231
1.5377475
-0.94636967
-1.1252062
-1.0792831
-1.0676635
0.80815295
0.75258173
0.98004036
-0.65945224
-0.0048082586
-0.87483283
-1.2894246
-0.61689795
-1.0533337
-1.16191
-0.80655326
-0.41716407
1.3089558
0.669246
1.1931219
-1.0150595
1.0370163
0.95154728
1.0654735
-0.99542516
-0.50513845
-0.5725244
-1.0165598
-0.84677657
-0.29594818
-0.96647836
